c:\users\can\documents\cse396-ledcube\source\userınterface\ledcubemaınguı\ledcubeguı\debug\vc120.pdb
c:\users\can\documents\cse396-ledcube\source\userınterface\ledcubemaınguı\ledcubeguı\debug\vc120.ıdb
c:\users\can\documents\cse396-ledcube\source\userınterface\ledcubemaınguı\ledcubeguı\debug\edıtor.obj
c:\users\can\documents\cse396-ledcube\source\userınterface\ledcubemaınguı\ledcubeguı\debug\maın.obj
c:\users\can\documents\cse396-ledcube\source\userınterface\ledcubemaınguı\ledcubeguı\debug\masteventreceıver.obj
c:\users\can\documents\cse396-ledcube\source\userınterface\ledcubemaınguı\ledcubeguı\debug\rs232.obj
c:\users\can\documents\cse396-ledcube\source\userınterface\ledcubemaınguı\ledcubeguı\debug\serıalcom.obj
e:\proje2\wındows_source\ledcubeguı\debug\vc120.pdb
e:\proje2\wındows_source\ledcubeguı\debug\vc120.ıdb
e:\proje2\wındows_source\ledcubeguı\debug\edıtor.obj
e:\proje2\wındows_source\ledcubeguı\debug\maın.obj
e:\proje2\wındows_source\ledcubeguı\debug\masteventreceıver.obj
e:\proje2\wındows_source\ledcubeguı\debug\rs232.obj
e:\proje2\wındows_source\ledcubeguı\debug\serıalcom.obj
c:\users\user\documents\gıthub\ledcube-wındows\wındows_source\ledcubeguı\debug\vc120.pdb
c:\users\user\documents\gıthub\ledcube-wındows\wındows_source\ledcubeguı\debug\vc120.ıdb
c:\users\user\documents\gıthub\ledcube-wındows\wındows_source\ledcubeguı\debug\edıtor.obj
c:\users\user\documents\gıthub\ledcube-wındows\wındows_source\ledcubeguı\debug\maın.obj
c:\users\user\documents\gıthub\ledcube-wındows\wındows_source\ledcubeguı\debug\masteventreceıver.obj
c:\users\user\documents\gıthub\ledcube-wındows\wındows_source\ledcubeguı\debug\rs232.obj
c:\users\user\documents\gıthub\ledcube-wındows\wındows_source\ledcubeguı\debug\serıalcom.obj
c:\users\can\documents\cse396-ledcube\source\userınterface\ledcubemaınguı\debug\ledcubeguı.ılk
c:\users\can\documents\cse396-ledcube\source\userınterface\ledcubemaınguı\debug\ledcubeguı.exe
c:\users\can\documents\cse396-ledcube\source\userınterface\ledcubemaınguı\debug\ledcubeguı.pdb
e:\proje2\wındows_source\debug\ledcubeguı.ılk
e:\proje2\wındows_source\debug\ledcubeguı.exe
e:\proje2\wındows_source\debug\ledcubeguı.pdb
c:\users\user\documents\gıthub\ledcube-wındows\wındows_source\debug\ledcubeguı.ılk
c:\users\user\documents\gıthub\ledcube-wındows\wındows_source\debug\ledcubeguı.exe
c:\users\user\documents\gıthub\ledcube-wındows\wındows_source\debug\ledcubeguı.pdb
c:\users\user\documents\github\ledcube-windows\windows_source\ledcubegui\debug\editor.obj
c:\users\user\documents\github\ledcube-windows\windows_source\ledcubegui\debug\main.obj
c:\users\user\documents\github\ledcube-windows\windows_source\ledcubegui\debug\masteventreceiver.obj
c:\users\user\documents\github\ledcube-windows\windows_source\ledcubegui\debug\rs232.obj
c:\users\user\documents\github\ledcube-windows\windows_source\ledcubegui\debug\serialcom.obj
c:\users\user\documents\github\ledcube-windows\windows_source\ledcubegui\debug\vc120.idb
c:\users\user\documents\github\ledcube-windows\windows_source\ledcubegui\debug\vc120.pdb
c:\users\user\documents\github\ledcube-windows\windows_source\debug\ledcubegui.pdb
c:\users\user\documents\github\ledcube-windows\windows_source\debug\ledcubegui.exe
c:\users\user\documents\github\ledcube-windows\windows_source\debug\ledcubegui.ilk
c:\users\user\documents\github\ledcube-windows\windows_source\ledcubegui\debug\ledcubegui.tlog\cl.command.1.tlog
c:\users\user\documents\github\ledcube-windows\windows_source\ledcubegui\debug\ledcubegui.tlog\cl.read.1.tlog
c:\users\user\documents\github\ledcube-windows\windows_source\ledcubegui\debug\ledcubegui.tlog\cl.write.1.tlog
c:\users\user\documents\github\ledcube-windows\windows_source\ledcubegui\debug\ledcubegui.tlog\link.command.1.tlog
c:\users\user\documents\github\ledcube-windows\windows_source\ledcubegui\debug\ledcubegui.tlog\link.read.1.tlog
c:\users\user\documents\github\ledcube-windows\windows_source\ledcubegui\debug\ledcubegui.tlog\link.write.1.tlog
